

Microchip MPLAB XC8 Assembler V2.46 build 20240104201356 
                                                                                               Sat Mar 16 17:18:20 2024

Microchip MPLAB XC8 C Compiler v2.46 (Free license) build 20240104201356 Og1 
     1                           	processor	16F877A
     2                           	pagewidth 120
     3                           	opt	flic
     4                           	psect	idataCOMMON,global,class=CODE,delta=2,noexec
     5                           	psect	strings,global,class=STRING,delta=2,noexec
     6                           	psect	cinit,global,class=CODE,merge=1,delta=2
     7                           	psect	dataCOMMON,global,class=COMMON,space=1,delta=1,noexec
     8                           	psect	cstackCOMMON,global,class=COMMON,space=1,delta=1,noexec
     9                           	psect	maintext,global,class=CODE,split=1,delta=2
    10                           	psect	text1,local,class=CODE,merge=1,delta=2
    11                           	psect	text2,local,class=CODE,merge=1,delta=2
    12                           	psect	text3,local,class=CODE,merge=1,delta=2
    13                           	psect	text4,local,class=CODE,merge=1,delta=2
    14                           	psect	text5,local,class=CODE,merge=1,delta=2
    15                           	psect	text6,local,class=CODE,merge=1,delta=2
    16                           	psect	text7,local,class=CODE,merge=1,delta=2
    17                           	psect	text8,local,class=CODE,merge=1,delta=2
    18                           	psect	text9,local,class=CODE,merge=1,delta=2
    19                           	psect	text10,local,class=CODE,merge=1,delta=2
    20                           	psect	config,global,abs,ovrld,class=CONFIG,space=4,delta=2,noexec
    21                           	dabs	1,0x7E,2
    22     0000                     
    23                           ; Version 2.20
    24                           ; Generated 12/02/2020 GMT
    25                           ; 
    26                           ; Copyright © 2020, Microchip Technology Inc. and its subsidiaries ("Microchip")
    27                           ; All rights reserved.
    28                           ; 
    29                           ; This software is developed by Microchip Technology Inc. and its subsidiaries ("Microch
      +                          ip").
    30                           ; 
    31                           ; Redistribution and use in source and binary forms, with or without modification, are
    32                           ; permitted provided that the following conditions are met:
    33                           ; 
    34                           ;     1. Redistributions of source code must retain the above copyright notice, this lis
      +                          t of
    35                           ;        conditions and the following disclaimer.
    36                           ; 
    37                           ;     2. Redistributions in binary form must reproduce the above copyright notice, this 
      +                          list
    38                           ;        of conditions and the following disclaimer in the documentation and/or other
    39                           ;        materials provided with the distribution.
    40                           ; 
    41                           ;     3. Microchip's name may not be used to endorse or promote products derived from th
      +                          is
    42                           ;        software without specific prior written permission.
    43                           ; 
    44                           ; THIS SOFTWARE IS PROVIDED BY MICROCHIP "AS IS" AND ANY EXPRESS OR IMPLIED WARRANTIES,
    45                           ; INCLUDING, BUT NOT LIMITED TO, THE IMPLIED WARRANTIES OF MERCHANTABILITY AND FITNESS F
      +                          OR
    46                           ; PURPOSE ARE DISCLAIMED.  IN NO EVENT SHALL MICROCHIP BE LIABLE FOR ANY DIRECT, INDIREC
      +                          T,
    47                           ; INCIDENTAL, SPECIAL, EXEMPLARY, OR CONSEQUENTIAL DAMAGES (INCLUDING BUT NOT LIMITED TO
    48                           ; PROCUREMENT OF SUBSTITUTE GOODS OR SERVICES; LOSS OF USE, DATA OR PROFITS; OR BUSINESS
    49                           ; INTERRUPTION) HOWSOEVER CAUSED AND ON ANY THEORY OF LIABILITY, WHETHER IN CONTRACT, ST
      +                          RICT
    50                           ; LIABILITY, OR TORT (INCLUDING NEGLIGENCE OR OTHERWISE) ARISING IN ANY WAY OUT OF THE U
      +                          SE OF
    51                           ; THIS SOFTWARE, EVEN IF ADVISED OF THE POSSIBILITY OF SUCH DAMAGE.
    52                           ; 
    53                           ; 
    54                           ; Code-generator required, PIC16F877A Definitions
    55                           ; 
    56                           ; SFR Addresses
    57     0000                     	;# 
    58     0001                     	;# 
    59     0002                     	;# 
    60     0003                     	;# 
    61     0004                     	;# 
    62     0005                     	;# 
    63     0006                     	;# 
    64     0007                     	;# 
    65     0008                     	;# 
    66     0009                     	;# 
    67     000A                     	;# 
    68     000B                     	;# 
    69     000C                     	;# 
    70     000D                     	;# 
    71     000E                     	;# 
    72     000E                     	;# 
    73     000F                     	;# 
    74     0010                     	;# 
    75     0011                     	;# 
    76     0012                     	;# 
    77     0013                     	;# 
    78     0014                     	;# 
    79     0015                     	;# 
    80     0015                     	;# 
    81     0016                     	;# 
    82     0017                     	;# 
    83     0018                     	;# 
    84     0019                     	;# 
    85     001A                     	;# 
    86     001B                     	;# 
    87     001B                     	;# 
    88     001C                     	;# 
    89     001D                     	;# 
    90     001E                     	;# 
    91     001F                     	;# 
    92     0081                     	;# 
    93     0085                     	;# 
    94     0086                     	;# 
    95     0087                     	;# 
    96     0088                     	;# 
    97     0089                     	;# 
    98     008C                     	;# 
    99     008D                     	;# 
   100     008E                     	;# 
   101     0091                     	;# 
   102     0092                     	;# 
   103     0093                     	;# 
   104     0094                     	;# 
   105     0098                     	;# 
   106     0099                     	;# 
   107     009C                     	;# 
   108     009D                     	;# 
   109     009E                     	;# 
   110     009F                     	;# 
   111     010C                     	;# 
   112     010D                     	;# 
   113     010E                     	;# 
   114     010F                     	;# 
   115     018C                     	;# 
   116     018D                     	;# 
   117     0000                     	;# 
   118     0001                     	;# 
   119     0002                     	;# 
   120     0003                     	;# 
   121     0004                     	;# 
   122     0005                     	;# 
   123     0006                     	;# 
   124     0007                     	;# 
   125     0008                     	;# 
   126     0009                     	;# 
   127     000A                     	;# 
   128     000B                     	;# 
   129     000C                     	;# 
   130     000D                     	;# 
   131     000E                     	;# 
   132     000E                     	;# 
   133     000F                     	;# 
   134     0010                     	;# 
   135     0011                     	;# 
   136     0012                     	;# 
   137     0013                     	;# 
   138     0014                     	;# 
   139     0015                     	;# 
   140     0015                     	;# 
   141     0016                     	;# 
   142     0017                     	;# 
   143     0018                     	;# 
   144     0019                     	;# 
   145     001A                     	;# 
   146     001B                     	;# 
   147     001B                     	;# 
   148     001C                     	;# 
   149     001D                     	;# 
   150     001E                     	;# 
   151     001F                     	;# 
   152     0081                     	;# 
   153     0085                     	;# 
   154     0086                     	;# 
   155     0087                     	;# 
   156     0088                     	;# 
   157     0089                     	;# 
   158     008C                     	;# 
   159     008D                     	;# 
   160     008E                     	;# 
   161     0091                     	;# 
   162     0092                     	;# 
   163     0093                     	;# 
   164     0094                     	;# 
   165     0098                     	;# 
   166     0099                     	;# 
   167     009C                     	;# 
   168     009D                     	;# 
   169     009E                     	;# 
   170     009F                     	;# 
   171     010C                     	;# 
   172     010D                     	;# 
   173     010E                     	;# 
   174     010F                     	;# 
   175     018C                     	;# 
   176     018D                     	;# 
   177     0000                     	;# 
   178     0001                     	;# 
   179     0002                     	;# 
   180     0003                     	;# 
   181     0004                     	;# 
   182     0005                     	;# 
   183     0006                     	;# 
   184     0007                     	;# 
   185     0008                     	;# 
   186     0009                     	;# 
   187     000A                     	;# 
   188     000B                     	;# 
   189     000C                     	;# 
   190     000D                     	;# 
   191     000E                     	;# 
   192     000E                     	;# 
   193     000F                     	;# 
   194     0010                     	;# 
   195     0011                     	;# 
   196     0012                     	;# 
   197     0013                     	;# 
   198     0014                     	;# 
   199     0015                     	;# 
   200     0015                     	;# 
   201     0016                     	;# 
   202     0017                     	;# 
   203     0018                     	;# 
   204     0019                     	;# 
   205     001A                     	;# 
   206     001B                     	;# 
   207     001B                     	;# 
   208     001C                     	;# 
   209     001D                     	;# 
   210     001E                     	;# 
   211     001F                     	;# 
   212     0081                     	;# 
   213     0085                     	;# 
   214     0086                     	;# 
   215     0087                     	;# 
   216     0088                     	;# 
   217     0089                     	;# 
   218     008C                     	;# 
   219     008D                     	;# 
   220     008E                     	;# 
   221     0091                     	;# 
   222     0092                     	;# 
   223     0093                     	;# 
   224     0094                     	;# 
   225     0098                     	;# 
   226     0099                     	;# 
   227     009C                     	;# 
   228     009D                     	;# 
   229     009E                     	;# 
   230     009F                     	;# 
   231     010C                     	;# 
   232     010D                     	;# 
   233     010E                     	;# 
   234     010F                     	;# 
   235     018C                     	;# 
   236     018D                     	;# 
   237     0000                     	;# 
   238     0001                     	;# 
   239     0002                     	;# 
   240     0003                     	;# 
   241     0004                     	;# 
   242     0005                     	;# 
   243     0006                     	;# 
   244     0007                     	;# 
   245     0008                     	;# 
   246     0009                     	;# 
   247     000A                     	;# 
   248     000B                     	;# 
   249     000C                     	;# 
   250     000D                     	;# 
   251     000E                     	;# 
   252     000E                     	;# 
   253     000F                     	;# 
   254     0010                     	;# 
   255     0011                     	;# 
   256     0012                     	;# 
   257     0013                     	;# 
   258     0014                     	;# 
   259     0015                     	;# 
   260     0015                     	;# 
   261     0016                     	;# 
   262     0017                     	;# 
   263     0018                     	;# 
   264     0019                     	;# 
   265     001A                     	;# 
   266     001B                     	;# 
   267     001B                     	;# 
   268     001C                     	;# 
   269     001D                     	;# 
   270     001E                     	;# 
   271     001F                     	;# 
   272     0081                     	;# 
   273     0085                     	;# 
   274     0086                     	;# 
   275     0087                     	;# 
   276     0088                     	;# 
   277     0089                     	;# 
   278     008C                     	;# 
   279     008D                     	;# 
   280     008E                     	;# 
   281     0091                     	;# 
   282     0092                     	;# 
   283     0093                     	;# 
   284     0094                     	;# 
   285     0098                     	;# 
   286     0099                     	;# 
   287     009C                     	;# 
   288     009D                     	;# 
   289     009E                     	;# 
   290     009F                     	;# 
   291     010C                     	;# 
   292     010D                     	;# 
   293     010E                     	;# 
   294     010F                     	;# 
   295     018C                     	;# 
   296     018D                     	;# 
   297     0000                     	;# 
   298     0001                     	;# 
   299     0002                     	;# 
   300     0003                     	;# 
   301     0004                     	;# 
   302     0005                     	;# 
   303     0006                     	;# 
   304     0007                     	;# 
   305     0008                     	;# 
   306     0009                     	;# 
   307     000A                     	;# 
   308     000B                     	;# 
   309     000C                     	;# 
   310     000D                     	;# 
   311     000E                     	;# 
   312     000E                     	;# 
   313     000F                     	;# 
   314     0010                     	;# 
   315     0011                     	;# 
   316     0012                     	;# 
   317     0013                     	;# 
   318     0014                     	;# 
   319     0015                     	;# 
   320     0015                     	;# 
   321     0016                     	;# 
   322     0017                     	;# 
   323     0018                     	;# 
   324     0019                     	;# 
   325     001A                     	;# 
   326     001B                     	;# 
   327     001B                     	;# 
   328     001C                     	;# 
   329     001D                     	;# 
   330     001E                     	;# 
   331     001F                     	;# 
   332     0081                     	;# 
   333     0085                     	;# 
   334     0086                     	;# 
   335     0087                     	;# 
   336     0088                     	;# 
   337     0089                     	;# 
   338     008C                     	;# 
   339     008D                     	;# 
   340     008E                     	;# 
   341     0091                     	;# 
   342     0092                     	;# 
   343     0093                     	;# 
   344     0094                     	;# 
   345     0098                     	;# 
   346     0099                     	;# 
   347     009C                     	;# 
   348     009D                     	;# 
   349     009E                     	;# 
   350     009F                     	;# 
   351     010C                     	;# 
   352     010D                     	;# 
   353     010E                     	;# 
   354     010F                     	;# 
   355     018C                     	;# 
   356     018D                     	;# 
   357     0000                     	;# 
   358     0001                     	;# 
   359     0002                     	;# 
   360     0003                     	;# 
   361     0004                     	;# 
   362     0005                     	;# 
   363     0006                     	;# 
   364     0007                     	;# 
   365     0008                     	;# 
   366     0009                     	;# 
   367     000A                     	;# 
   368     000B                     	;# 
   369     000C                     	;# 
   370     000D                     	;# 
   371     000E                     	;# 
   372     000E                     	;# 
   373     000F                     	;# 
   374     0010                     	;# 
   375     0011                     	;# 
   376     0012                     	;# 
   377     0013                     	;# 
   378     0014                     	;# 
   379     0015                     	;# 
   380     0015                     	;# 
   381     0016                     	;# 
   382     0017                     	;# 
   383     0018                     	;# 
   384     0019                     	;# 
   385     001A                     	;# 
   386     001B                     	;# 
   387     001B                     	;# 
   388     001C                     	;# 
   389     001D                     	;# 
   390     001E                     	;# 
   391     001F                     	;# 
   392     0081                     	;# 
   393     0085                     	;# 
   394     0086                     	;# 
   395     0087                     	;# 
   396     0088                     	;# 
   397     0089                     	;# 
   398     008C                     	;# 
   399     008D                     	;# 
   400     008E                     	;# 
   401     0091                     	;# 
   402     0092                     	;# 
   403     0093                     	;# 
   404     0094                     	;# 
   405     0098                     	;# 
   406     0099                     	;# 
   407     009C                     	;# 
   408     009D                     	;# 
   409     009E                     	;# 
   410     009F                     	;# 
   411     010C                     	;# 
   412     010D                     	;# 
   413     010E                     	;# 
   414     010F                     	;# 
   415     018C                     	;# 
   416     018D                     	;# 
   417                           
   418                           	psect	idataCOMMON
   419     066D                     __pidataCOMMON:
   420                           
   421                           ;initializer for read_digital_keypad@once
   422     066D  3401               	retlw	1
   423     0006                     _PORTB	set	6
   424     0008                     _PORTD	set	8
   425     0092                     _TMR2ON	set	146
   426     0091                     _T2CKPS1	set	145
   427     0090                     _T2CKPS0	set	144
   428     0049                     _RE1	set	73
   429     004A                     _RE2	set	74
   430     0086                     _TRISB	set	134
   431     0092                     _PR2	set	146
   432     0088                     _TRISD	set	136
   433     0461                     _TMR2IE	set	1121
   434     0449                     _TRISE1	set	1097
   435     044A                     _TRISE2	set	1098
   436                           
   437                           	psect	strings
   438     0003                     __pstrings:
   439     0003                     stringtab:
   440     0003                     __stringtab:
   441     0003                     stringcode:	
   442                           ;	String table - string pointers are 1 byte each
   443                           
   444     0003                     stringdir:
   445     0003  3000               	movlw	high stringdir
   446     0004  008A               	movwf	10
   447     0005  0804               	movf	4,w
   448     0006  0A84               	incf	4,f
   449     0007  0782               	addwf	2,f
   450     0008                     __stringbase:
   451     0008  3400               	retlw	0
   452     0009                     __end_of__stringtab:
   453     0009                     STR_2:
   454     0009  3457               	retlw	87	;'W'
   455     000A  3461               	retlw	97	;'a'
   456     000B  3473               	retlw	115	;'s'
   457     000C  3468               	retlw	104	;'h'
   458     000D  3469               	retlw	105	;'i'
   459     000E  346E               	retlw	110	;'n'
   460     000F  3467               	retlw	103	;'g'
   461     0010  3420               	retlw	32	;' '
   462     0011  344D               	retlw	77	;'M'
   463     0012  3461               	retlw	97	;'a'
   464     0013  3463               	retlw	99	;'c'
   465     0014  3468               	retlw	104	;'h'
   466     0015  3469               	retlw	105	;'i'
   467     0016  346E               	retlw	110	;'n'
   468     0017  3465               	retlw	101	;'e'
   469     0018  3400               	retlw	0
   470     0019                     STR_6:
   471     0019  3457               	retlw	87	;'W'
   472     001A  3461               	retlw	97	;'a'
   473     001B  3473               	retlw	115	;'s'
   474     001C  3468               	retlw	104	;'h'
   475     001D  3469               	retlw	105	;'i'
   476     001E  346E               	retlw	110	;'n'
   477     001F  3467               	retlw	103	;'g'
   478     0020  3420               	retlw	32	;' '
   479     0021  3470               	retlw	112	;'p'
   480     0022  3472               	retlw	114	;'r'
   481     0023  346F               	retlw	111	;'o'
   482     0024  3467               	retlw	103	;'g'
   483     0025  3472               	retlw	114	;'r'
   484     0026  3461               	retlw	97	;'a'
   485     0027  346D               	retlw	109	;'m'
   486     0028  3400               	retlw	0
   487     0029                     STR_3:
   488     0029  3450               	retlw	80	;'P'
   489     002A  3472               	retlw	114	;'r'
   490     002B  3465               	retlw	101	;'e'
   491     002C  3473               	retlw	115	;'s'
   492     002D  3473               	retlw	115	;'s'
   493     002E  3420               	retlw	32	;' '
   494     002F  346B               	retlw	107	;'k'
   495     0030  3465               	retlw	101	;'e'
   496     0031  3479               	retlw	121	;'y'
   497     0032  3435               	retlw	53	;'5'
   498     0033  3420               	retlw	32	;' '
   499     0034  3454               	retlw	84	;'T'
   500     0035  346F               	retlw	111	;'o'
   501     0036  3400               	retlw	0
   502     0037                     STR_1:
   503     0037  3450               	retlw	80	;'P'
   504     0038  346F               	retlw	111	;'o'
   505     0039  3477               	retlw	119	;'w'
   506     003A  3465               	retlw	101	;'e'
   507     003B  3472               	retlw	114	;'r'
   508     003C  3469               	retlw	105	;'i'
   509     003D  346E               	retlw	110	;'n'
   510     003E  3467               	retlw	103	;'g'
   511     003F  3420               	retlw	32	;' '
   512     0040  344F               	retlw	79	;'O'
   513     0041  344E               	retlw	78	;'N'
   514     0042  3400               	retlw	0
   515     0043                     STR_4:
   516     0043  3450               	retlw	80	;'P'
   517     0044  346F               	retlw	111	;'o'
   518     0045  3477               	retlw	119	;'w'
   519     0046  3465               	retlw	101	;'e'
   520     0047  3472               	retlw	114	;'r'
   521     0048  3420               	retlw	32	;' '
   522     0049  344F               	retlw	79	;'O'
   523     004A  344E               	retlw	78	;'N'
   524     004B  3400               	retlw	0
   525     0009                     
   526                           	psect	cinit
   527     07F6                     start_initialization:	
   528                           ; #config settings
   529                           
   530     07F6                     __initialization:
   531                           
   532                           ; Initialize objects allocated to COMMON
   533     07F6  120A  118A  266D  120A  118A  	fcall	__pidataCOMMON	;fetch initializer
   534     07FB  00FB               	movwf	__pdataCOMMON& (0+127)
   535     07FC                     end_of_initialization:	
   536                           ;End of C runtime variable initialization code
   537                           
   538     07FC                     __end_of__initialization:
   539     07FC  0183               	clrf	3
   540     07FD  120A  118A  2F1A   	ljmp	_main	;jump to C main() function
   541                           
   542                           	psect	dataCOMMON
   543     007B                     __pdataCOMMON:
   544     007B                     read_digital_keypad@once:
   545     007B                     	ds	1
   546                           
   547                           	psect	cstackCOMMON
   548     0070                     __pcstackCOMMON:
   549     0070                     ?_init_digital_keypad:
   550     0070                     ??_init_digital_keypad:	
   551                           ; 1 bytes @ 0x0
   552                           
   553     0070                     ?_init_clcd:	
   554                           ; 1 bytes @ 0x0
   555                           
   556     0070                     ?_clear_screen:	
   557                           ; 1 bytes @ 0x0
   558                           
   559     0070                     ?_read_digital_keypad:	
   560                           ; 1 bytes @ 0x0
   561                           
   562     0070                     ??_read_digital_keypad:	
   563                           ; 1 bytes @ 0x0
   564                           
   565     0070                     ?_init_config:	
   566                           ; 1 bytes @ 0x0
   567                           
   568     0070                     ?_power_on_screen:	
   569                           ; 1 bytes @ 0x0
   570                           
   571     0070                     ?_main:	
   572                           ; 1 bytes @ 0x0
   573                           
   574     0070                     ?_clcd_write:	
   575                           ; 1 bytes @ 0x0
   576                           
   577     0070                     ?_init_display_controller:	
   578                           ; 1 bytes @ 0x0
   579                           
   580     0070                     clcd_write@mode:	
   581                           ; 1 bytes @ 0x0
   582                           
   583                           
   584                           ; 1 bytes @ 0x0
   585     0070                     	ds	1
   586     0071                     ??_clcd_write:
   587     0071                     read_digital_keypad@mode:	
   588                           ; 1 bytes @ 0x1
   589                           
   590                           
   591                           ; 1 bytes @ 0x1
   592     0071                     	ds	2
   593     0073                     clcd_write@byte:
   594                           
   595                           ; 1 bytes @ 0x3
   596     0073                     	ds	1
   597     0074                     ?_clcd_putch:
   598     0074                     ?_clcd_print:	
   599                           ; 1 bytes @ 0x4
   600                           
   601     0074                     ??_clear_screen:	
   602                           ; 1 bytes @ 0x4
   603                           
   604     0074                     ??_init_display_controller:	
   605                           ; 1 bytes @ 0x4
   606                           
   607     0074                     clcd_putch@addr:	
   608                           ; 1 bytes @ 0x4
   609                           
   610     0074                     clcd_print@addr:	
   611                           ; 1 bytes @ 0x4
   612                           
   613                           
   614                           ; 1 bytes @ 0x4
   615     0074                     	ds	1
   616     0075                     ??_clcd_putch:
   617     0075                     ??_clcd_print:	
   618                           ; 1 bytes @ 0x5
   619                           
   620     0075                     clcd_putch@data:	
   621                           ; 1 bytes @ 0x5
   622                           
   623     0075                     clcd_print@str:	
   624                           ; 1 bytes @ 0x5
   625                           
   626                           
   627                           ; 1 bytes @ 0x5
   628     0075                     	ds	1
   629     0076                     ??_init_clcd:
   630     0076                     ??_init_config:	
   631                           ; 1 bytes @ 0x6
   632                           
   633     0076                     ??_power_on_screen:	
   634                           ; 1 bytes @ 0x6
   635                           
   636                           
   637                           ; 1 bytes @ 0x6
   638     0076                     	ds	3
   639     0079                     power_on_screen@i:
   640                           
   641                           ; 1 bytes @ 0x9
   642     0079                     	ds	1
   643     007A                     power_on_screen@i_62:
   644                           
   645                           ; 1 bytes @ 0xA
   646     007A                     	ds	1
   647     007B                     ??_main:
   648                           
   649                           	psect	maintext
   650     071A                     __pmaintext:	
   651                           ; 1 bytes @ 0xB
   652 ;;
   653 ;;Main: autosize = 0, tempsize = 0, incstack = 0, save=0
   654 ;;
   655 ;; *************** function _main *****************
   656 ;; Defined at:
   657 ;;		line 42 in file "main.c"
   658 ;; Parameters:    Size  Location     Type
   659 ;;		None
   660 ;; Auto vars:     Size  Location     Type
   661 ;;		None
   662 ;; Return value:  Size  Location     Type
   663 ;;                  1    wreg      void 
   664 ;; Registers used:
   665 ;;		wreg, fsr0l, fsr0h, status,2, status,0, btemp+1, pclath, cstack
   666 ;; Tracked objects:
   667 ;;		On entry : B00/0
   668 ;;		On exit  : 0/0
   669 ;;		Unchanged: 0/0
   670 ;; Data sizes:     COMMON   BANK0   BANK1   BANK3   BANK2
   671 ;;      Params:         0       0       0       0       0
   672 ;;      Locals:         0       0       0       0       0
   673 ;;      Temps:          0       0       0       0       0
   674 ;;      Totals:         0       0       0       0       0
   675 ;;Total ram usage:        0 bytes
   676 ;; Hardware stack levels required when called: 4
   677 ;; This function calls:
   678 ;;		_clcd_print
   679 ;;		_clear_screen
   680 ;;		_init_config
   681 ;;		_power_on_screen
   682 ;;		_read_digital_keypad
   683 ;; This function is called by:
   684 ;;		Startup code after reset
   685 ;; This function uses a non-reentrant model
   686 ;;
   687                           
   688     071A                     _main:	
   689                           ;psect for function _main
   690                           
   691     071A                     l861:	
   692                           ;incstack = 0
   693                           ; Regs used in _main: [wreg-fsr0h+status,2+status,0+btemp+1+pclath+cstack]
   694                           
   695     071A  120A  118A  267F  120A  118A  	fcall	_init_config
   696     071F                     l863:
   697     071F  3081               	movlw	129
   698     0720  00F4               	movwf	clcd_print@addr
   699     0721  3021               	movlw	(low ((STR_3-__stringbase)| (0+32768)))& (0+255)
   700     0722  120A  118A  26C8  120A  118A  	fcall	_clcd_print
   701     0727                     l865:
   702     0727  30C4               	movlw	196
   703     0728  00F4               	movwf	clcd_print@addr
   704     0729  303B               	movlw	(low ((STR_4-__stringbase)| (0+32768)))& (0+255)
   705     072A  120A  118A  26C8  120A  118A  	fcall	_clcd_print
   706     072F                     l867:
   707     072F  3091               	movlw	145
   708     0730  00F4               	movwf	clcd_print@addr
   709     0731  3001               	movlw	(low ((STR_2-__stringbase)| (0+32768)))& (0+255)
   710     0732  120A  118A  26C8  120A  118A  	fcall	_clcd_print
   711     0737                     l869:
   712     0737  3001               	movlw	1
   713     0738  120A  118A  26F0  120A  118A  	fcall	_read_digital_keypad
   714     073D  3A2F               	xorlw	47
   715     073E  1D03               	skipz
   716     073F  2F41               	goto	u161
   717     0740  2F42               	goto	u160
   718     0741                     u161:
   719     0741  2F1F               	goto	l863
   720     0742                     u160:
   721     0742                     l871:
   722                           
   723                           ;main.c: 60:     clear_screen();
   724     0742  120A  118A  268A  120A  118A  	fcall	_clear_screen
   725     0747                     l873:
   726                           
   727                           ;main.c: 61:     power_on_screen();
   728     0747  120A  118A  2758  120A  118A  	fcall	_power_on_screen
   729     074C                     l875:
   730                           
   731                           ;main.c: 66:      clcd_print("Washing program", (0x90 + 1));
   732     074C  3091               	movlw	145
   733     074D  00F4               	movwf	clcd_print@addr
   734     074E  3011               	movlw	(low ((STR_6-__stringbase)| (0+32768)))& (0+255)
   735     074F  120A  118A  26C8  120A  118A  	fcall	_clcd_print
   736     0754  2F4C               	goto	l875
   737     0755  120A  118A  2800   	ljmp	start
   738     0758                     __end_of_main:
   739                           
   740                           	psect	text1
   741     06F0                     __ptext1:	
   742 ;; *************** function _read_digital_keypad *****************
   743 ;; Defined at:
   744 ;;		line 10 in file "digital_keypad.c"
   745 ;; Parameters:    Size  Location     Type
   746 ;;  mode            1    wreg     unsigned char 
   747 ;; Auto vars:     Size  Location     Type
   748 ;;  mode            1    1[COMMON] unsigned char 
   749 ;; Return value:  Size  Location     Type
   750 ;;                  1    wreg      unsigned char 
   751 ;; Registers used:
   752 ;;		wreg, status,2, status,0
   753 ;; Tracked objects:
   754 ;;		On entry : 0/0
   755 ;;		On exit  : 0/0
   756 ;;		Unchanged: 0/0
   757 ;; Data sizes:     COMMON   BANK0   BANK1   BANK3   BANK2
   758 ;;      Params:         0       0       0       0       0
   759 ;;      Locals:         1       0       0       0       0
   760 ;;      Temps:          1       0       0       0       0
   761 ;;      Totals:         2       0       0       0       0
   762 ;;Total ram usage:        2 bytes
   763 ;; Hardware stack levels used: 1
   764 ;; This function calls:
   765 ;;		Nothing
   766 ;; This function is called by:
   767 ;;		_main
   768 ;; This function uses a non-reentrant model
   769 ;;
   770                           
   771     06F0                     _read_digital_keypad:	
   772                           ;psect for function _read_digital_keypad
   773                           
   774                           
   775                           ;incstack = 0
   776                           ; Regs used in _read_digital_keypad: [wreg+status,2+status,0]
   777                           ;read_digital_keypad@mode stored from wreg
   778     06F0  00F1               	movwf	read_digital_keypad@mode
   779     06F1                     l727:
   780                           
   781                           ;digital_keypad.c: 10: unsigned char read_digital_keypad(unsigned char mode);digital_key
      +                          pad.c: 11: {;digital_keypad.c: 12:     static unsigned char once = 1;;digital_keypad.c: 
      +                          14:     if (mode == 0)
   782     06F1  0871               	movf	read_digital_keypad@mode,w
   783     06F2  1D03               	btfss	3,2
   784     06F3  2EF5               	goto	u61
   785     06F4  2EF6               	goto	u60
   786     06F5                     u61:
   787     06F5  2EFB               	goto	l735
   788     06F6                     u60:
   789     06F6                     l729:
   790                           
   791                           ;digital_keypad.c: 15:     {;digital_keypad.c: 16:         return PORTB & 0x3F;
   792     06F6  1283               	bcf	3,5	;RP0=0, select bank0
   793     06F7  1303               	bcf	3,6	;RP1=0, select bank0
   794     06F8  0806               	movf	6,w	;volatile
   795     06F9  393F               	andlw	63
   796     06FA  2F19               	goto	l95
   797     06FB                     l735:
   798                           
   799                           ;digital_keypad.c: 19:     {;digital_keypad.c: 20:         if (((PORTB & 0x3F) != 0x3F) 
      +                          && once)
   800     06FB  303F               	movlw	63
   801     06FC  1283               	bcf	3,5	;RP0=0, select bank0
   802     06FD  1303               	bcf	3,6	;RP1=0, select bank0
   803     06FE  0506               	andwf	6,w	;volatile
   804     06FF  00F0               	movwf	??_read_digital_keypad
   805     0700  303F               	movlw	63
   806     0701  0670               	xorwf	??_read_digital_keypad,w
   807     0702  1903               	btfsc	3,2
   808     0703  2F05               	goto	u71
   809     0704  2F06               	goto	u70
   810     0705                     u71:
   811     0705  2F0D               	goto	l747
   812     0706                     u70:
   813     0706                     l737:
   814     0706  087B               	movf	read_digital_keypad@once,w
   815     0707  1903               	btfsc	3,2
   816     0708  2F0A               	goto	u81
   817     0709  2F0B               	goto	u80
   818     070A                     u81:
   819     070A  2F0D               	goto	l747
   820     070B                     u80:
   821     070B                     l739:
   822                           
   823                           ;digital_keypad.c: 21:         {;digital_keypad.c: 22:             once = 0;
   824     070B  01FB               	clrf	read_digital_keypad@once
   825     070C  2EF6               	goto	l729
   826     070D                     l747:
   827     070D  303F               	movlw	63
   828     070E  0506               	andwf	6,w	;volatile
   829     070F  00F0               	movwf	??_read_digital_keypad
   830     0710  303F               	movlw	63
   831     0711  0670               	xorwf	??_read_digital_keypad,w
   832     0712  1D03               	btfss	3,2
   833     0713  2F15               	goto	u91
   834     0714  2F16               	goto	u90
   835     0715                     u91:
   836     0715  2F18               	goto	l751
   837     0716                     u90:
   838     0716                     l749:
   839                           
   840                           ;digital_keypad.c: 27:         {;digital_keypad.c: 28:             once = 1;
   841     0716  01FB               	clrf	read_digital_keypad@once
   842     0717  0AFB               	incf	read_digital_keypad@once,f
   843     0718                     l751:
   844                           
   845                           ;digital_keypad.c: 32:     return 0x3F;
   846     0718  303F               	movlw	63
   847     0719                     l95:
   848     0719  0008               	return
   849     071A                     __end_of_read_digital_keypad:
   850                           
   851                           	psect	text2
   852     0758                     __ptext2:	
   853 ;; *************** function _power_on_screen *****************
   854 ;; Defined at:
   855 ;;		line 22 in file "main.c"
   856 ;; Parameters:    Size  Location     Type
   857 ;;		None
   858 ;; Auto vars:     Size  Location     Type
   859 ;;  i               1   10[COMMON] unsigned char 
   860 ;;  i               1    9[COMMON] unsigned char 
   861 ;; Return value:  Size  Location     Type
   862 ;;                  1    wreg      void 
   863 ;; Registers used:
   864 ;;		wreg, fsr0l, fsr0h, status,2, status,0, btemp+1, pclath, cstack
   865 ;; Tracked objects:
   866 ;;		On entry : 0/0
   867 ;;		On exit  : 0/0
   868 ;;		Unchanged: 0/0
   869 ;; Data sizes:     COMMON   BANK0   BANK1   BANK3   BANK2
   870 ;;      Params:         0       0       0       0       0
   871 ;;      Locals:         2       0       0       0       0
   872 ;;      Temps:          3       0       0       0       0
   873 ;;      Totals:         5       0       0       0       0
   874 ;;Total ram usage:        5 bytes
   875 ;; Hardware stack levels used: 1
   876 ;; Hardware stack levels required when called: 2
   877 ;; This function calls:
   878 ;;		_clcd_print
   879 ;;		_clcd_putch
   880 ;;		_clear_screen
   881 ;; This function is called by:
   882 ;;		_main
   883 ;; This function uses a non-reentrant model
   884 ;;
   885                           
   886     0758                     _power_on_screen:	
   887                           ;psect for function _power_on_screen
   888                           
   889     0758                     l831:	
   890                           ;incstack = 0
   891                           ; Regs used in _power_on_screen: [wreg-fsr0h+status,2+status,0+btemp+1+pclath+cstack]
   892                           
   893                           
   894                           ;main.c: 24: }
   895     0758  01F9               	clrf	power_on_screen@i
   896     0759                     l837:
   897                           
   898                           ;main.c: 25: void main(void) {
   899     0759  0879               	movf	power_on_screen@i,w
   900     075A  3E80               	addlw	128
   901     075B  00F4               	movwf	clcd_putch@addr
   902     075C  30FF               	movlw	255
   903     075D  120A  118A  2697  120A  118A  	fcall	_clcd_putch
   904     0762                     l839:
   905                           
   906                           ;main.c: 26:     init_config();
   907     0762  3001               	movlw	1
   908     0763  00FF               	movwf	btemp+1
   909     0764  087F               	movf	btemp+1,w
   910     0765  07F9               	addwf	power_on_screen@i,f
   911     0766                     l841:
   912     0766  3010               	movlw	16
   913     0767  0279               	subwf	power_on_screen@i,w
   914     0768  1C03               	skipc
   915     0769  2F6B               	goto	u141
   916     076A  2F6C               	goto	u140
   917     076B                     u141:
   918     076B  2F59               	goto	l837
   919     076C                     u140:
   920     076C                     l843:
   921                           
   922                           ;main.c: 28:          clcd_print("Press key5 To", (0x80 + 1));
   923     076C  30C2               	movlw	194
   924     076D  00F4               	movwf	clcd_print@addr
   925     076E  302F               	movlw	(low ((STR_1-__stringbase)| (0+32768)))& (0+255)
   926     076F  120A  118A  26C8  120A  118A  	fcall	_clcd_print
   927                           
   928                           ;main.c: 29:          clcd_print("Power ON", (0xC0 + 4));
   929     0774  3091               	movlw	145
   930     0775  00F4               	movwf	clcd_print@addr
   931     0776  3001               	movlw	(low ((STR_2-__stringbase)| (0+32768)))& (0+255)
   932     0777  120A  118A  26C8  120A  118A  	fcall	_clcd_print
   933     077C                     l845:
   934     077C  01FA               	clrf	power_on_screen@i_62
   935     077D                     l851:
   936     077D  087A               	movf	power_on_screen@i_62,w
   937     077E  3ED0               	addlw	208
   938     077F  00F4               	movwf	clcd_putch@addr
   939     0780  30FF               	movlw	255
   940     0781  120A  118A  2697  120A  118A  	fcall	_clcd_putch
   941     0786                     l853:
   942     0786  3001               	movlw	1
   943     0787  00FF               	movwf	btemp+1
   944     0788  087F               	movf	btemp+1,w
   945     0789  07FA               	addwf	power_on_screen@i_62,f
   946     078A                     l855:
   947     078A  3010               	movlw	16
   948     078B  027A               	subwf	power_on_screen@i_62,w
   949     078C  1C03               	skipc
   950     078D  2F8F               	goto	u151
   951     078E  2F90               	goto	u150
   952     078F                     u151:
   953     078F  2F7D               	goto	l851
   954     0790                     u150:
   955     0790                     l857:
   956     0790  301A               	movlw	26
   957     0791  00F8               	movwf	??_power_on_screen+2
   958     0792  305E               	movlw	94
   959     0793  00F7               	movwf	??_power_on_screen+1
   960     0794  306E               	movlw	110
   961     0795  00F6               	movwf	??_power_on_screen
   962     0796                     u177:
   963     0796  0BF6               	decfsz	??_power_on_screen,f
   964     0797  2F96               	goto	u177
   965     0798  0BF7               	decfsz	??_power_on_screen+1,f
   966     0799  2F96               	goto	u177
   967     079A  0BF8               	decfsz	??_power_on_screen+2,f
   968     079B  2F96               	goto	u177
   969     079C  0000               	nop
   970     079D                     l859:
   971     079D  120A  118A  268A  120A  118A  	fcall	_clear_screen
   972     07A2                     l24:
   973     07A2  0008               	return
   974     07A3                     __end_of_power_on_screen:
   975                           
   976                           	psect	text3
   977     068A                     __ptext3:	
   978 ;; *************** function _clear_screen *****************
   979 ;; Defined at:
   980 ;;		line 65 in file "clcd.c"
   981 ;; Parameters:    Size  Location     Type
   982 ;;		None
   983 ;; Auto vars:     Size  Location     Type
   984 ;;		None
   985 ;; Return value:  Size  Location     Type
   986 ;;                  1    wreg      void 
   987 ;; Registers used:
   988 ;;		wreg, status,2, status,0, pclath, cstack
   989 ;; Tracked objects:
   990 ;;		On entry : 0/0
   991 ;;		On exit  : 0/0
   992 ;;		Unchanged: 0/0
   993 ;; Data sizes:     COMMON   BANK0   BANK1   BANK3   BANK2
   994 ;;      Params:         0       0       0       0       0
   995 ;;      Locals:         0       0       0       0       0
   996 ;;      Temps:          1       0       0       0       0
   997 ;;      Totals:         1       0       0       0       0
   998 ;;Total ram usage:        1 bytes
   999 ;; Hardware stack levels used: 1
  1000 ;; Hardware stack levels required when called: 1
  1001 ;; This function calls:
  1002 ;;		_clcd_write
  1003 ;; This function is called by:
  1004 ;;		_power_on_screen
  1005 ;;		_main
  1006 ;; This function uses a non-reentrant model
  1007 ;;
  1008                           
  1009     068A                     _clear_screen:	
  1010                           ;psect for function _clear_screen
  1011                           
  1012     068A                     l825:	
  1013                           ;incstack = 0
  1014                           ; Regs used in _clear_screen: [wreg+status,2+status,0+pclath+cstack]
  1015                           
  1016                           
  1017                           ;clcd.c: 66:      clcd_write(0x01, 0);
  1018     068A  01F0               	clrf	clcd_write@mode
  1019     068B  3001               	movlw	1
  1020     068C  120A  118A  26A8  120A  118A  	fcall	_clcd_write
  1021     0691                     l827:
  1022                           
  1023                           ;clcd.c: 67:       _delay((unsigned long)((100)*(20000000/4000000.0)));
  1024     0691  30A6               	movlw	166
  1025     0692  00F4               	movwf	??_clear_screen
  1026     0693                     u187:
  1027     0693  0BF4               	decfsz	??_clear_screen,f
  1028     0694  2E93               	goto	u187
  1029     0695  0000               	nop
  1030     0696                     l69:
  1031     0696  0008               	return
  1032     0697                     __end_of_clear_screen:
  1033                           
  1034                           	psect	text4
  1035     0697                     __ptext4:	
  1036 ;; *************** function _clcd_putch *****************
  1037 ;; Defined at:
  1038 ;;		line 48 in file "clcd.c"
  1039 ;; Parameters:    Size  Location     Type
  1040 ;;  data            1    wreg     const unsigned char 
  1041 ;;  addr            1    4[COMMON] unsigned char 
  1042 ;; Auto vars:     Size  Location     Type
  1043 ;;  data            1    5[COMMON] const unsigned char 
  1044 ;; Return value:  Size  Location     Type
  1045 ;;                  1    wreg      void 
  1046 ;; Registers used:
  1047 ;;		wreg, status,2, status,0, pclath, cstack
  1048 ;; Tracked objects:
  1049 ;;		On entry : 0/0
  1050 ;;		On exit  : 0/0
  1051 ;;		Unchanged: 0/0
  1052 ;; Data sizes:     COMMON   BANK0   BANK1   BANK3   BANK2
  1053 ;;      Params:         1       0       0       0       0
  1054 ;;      Locals:         1       0       0       0       0
  1055 ;;      Temps:          0       0       0       0       0
  1056 ;;      Totals:         2       0       0       0       0
  1057 ;;Total ram usage:        2 bytes
  1058 ;; Hardware stack levels used: 1
  1059 ;; Hardware stack levels required when called: 1
  1060 ;; This function calls:
  1061 ;;		_clcd_write
  1062 ;; This function is called by:
  1063 ;;		_power_on_screen
  1064 ;; This function uses a non-reentrant model
  1065 ;;
  1066                           
  1067     0697                     _clcd_putch:	
  1068                           ;psect for function _clcd_putch
  1069                           
  1070                           
  1071                           ;incstack = 0
  1072                           ; Regs used in _clcd_putch: [wreg+status,2+status,0+pclath+cstack]
  1073                           ;clcd_putch@data stored from wreg
  1074     0697  00F5               	movwf	clcd_putch@data
  1075     0698                     l815:
  1076                           
  1077                           ;clcd.c: 48: void clcd_putch(const char data, unsigned char addr);clcd.c: 49: {;clcd.c: 
      +                          50:     clcd_write(addr, 0);
  1078     0698  01F0               	clrf	clcd_write@mode
  1079     0699  0874               	movf	clcd_putch@addr,w
  1080     069A  120A  118A  26A8  120A  118A  	fcall	_clcd_write
  1081                           
  1082                           ;clcd.c: 51:     clcd_write(data, 1);
  1083     069F  01F0               	clrf	clcd_write@mode
  1084     06A0  0AF0               	incf	clcd_write@mode,f
  1085     06A1  0875               	movf	clcd_putch@data,w
  1086     06A2  120A  118A  26A8  120A  118A  	fcall	_clcd_write
  1087     06A7                     l60:
  1088     06A7  0008               	return
  1089     06A8                     __end_of_clcd_putch:
  1090                           
  1091                           	psect	text5
  1092     06C8                     __ptext5:	
  1093 ;; *************** function _clcd_print *****************
  1094 ;; Defined at:
  1095 ;;		line 54 in file "clcd.c"
  1096 ;; Parameters:    Size  Location     Type
  1097 ;;  str             1    wreg     PTR const unsigned char 
  1098 ;;		 -> STR_6(16), STR_5(16), STR_4(9), STR_3(14), 
  1099 ;;		 -> STR_2(16), STR_1(12), 
  1100 ;;  addr            1    4[COMMON] unsigned char 
  1101 ;; Auto vars:     Size  Location     Type
  1102 ;;  str             1    5[COMMON] PTR const unsigned char 
  1103 ;;		 -> STR_6(16), STR_5(16), STR_4(9), STR_3(14), 
  1104 ;;		 -> STR_2(16), STR_1(12), 
  1105 ;; Return value:  Size  Location     Type
  1106 ;;                  1    wreg      void 
  1107 ;; Registers used:
  1108 ;;		wreg, fsr0l, fsr0h, status,2, status,0, btemp+1, pclath, cstack
  1109 ;; Tracked objects:
  1110 ;;		On entry : 0/0
  1111 ;;		On exit  : 0/0
  1112 ;;		Unchanged: 0/0
  1113 ;; Data sizes:     COMMON   BANK0   BANK1   BANK3   BANK2
  1114 ;;      Params:         1       0       0       0       0
  1115 ;;      Locals:         1       0       0       0       0
  1116 ;;      Temps:          0       0       0       0       0
  1117 ;;      Totals:         2       0       0       0       0
  1118 ;;Total ram usage:        2 bytes
  1119 ;; Hardware stack levels used: 1
  1120 ;; Hardware stack levels required when called: 1
  1121 ;; This function calls:
  1122 ;;		_clcd_write
  1123 ;; This function is called by:
  1124 ;;		_power_on_screen
  1125 ;;		_main
  1126 ;; This function uses a non-reentrant model
  1127 ;;
  1128                           
  1129     06C8                     _clcd_print:	
  1130                           ;psect for function _clcd_print
  1131                           
  1132                           
  1133                           ;incstack = 0
  1134                           ; Regs used in _clcd_print: [wreg-fsr0h+status,2+status,0+btemp+1+pclath+cstack]
  1135                           ;clcd_print@str stored from wreg
  1136     06C8  00F5               	movwf	clcd_print@str
  1137     06C9                     l817:
  1138                           
  1139                           ;clcd.c: 54: void clcd_print(const char *str, unsigned char addr);clcd.c: 55: {;clcd.c: 
      +                          56:     clcd_write(addr, 0);
  1140     06C9  01F0               	clrf	clcd_write@mode
  1141     06CA  0874               	movf	clcd_print@addr,w
  1142     06CB  120A  118A  26A8  120A  118A  	fcall	_clcd_write
  1143                           
  1144                           ;clcd.c: 58:     while (*str != '\0')
  1145     06D0  2EE3               	goto	l823
  1146     06D1                     l819:
  1147                           
  1148                           ;clcd.c: 59:     {;clcd.c: 60:         clcd_write(*str, 1);
  1149     06D1  01F0               	clrf	clcd_write@mode
  1150     06D2  0AF0               	incf	clcd_write@mode,f
  1151     06D3  0875               	movf	clcd_print@str,w
  1152     06D4  0084               	movwf	4
  1153     06D5  120A  118A  2003  120A  118A  	fcall	stringdir
  1154     06DA  120A  118A  26A8  120A  118A  	fcall	_clcd_write
  1155     06DF                     l821:
  1156                           
  1157                           ;clcd.c: 61:         str++;
  1158     06DF  3001               	movlw	1
  1159     06E0  00FF               	movwf	btemp+1
  1160     06E1  087F               	movf	btemp+1,w
  1161     06E2  07F5               	addwf	clcd_print@str,f
  1162     06E3                     l823:
  1163                           
  1164                           ;clcd.c: 58:     while (*str != '\0')
  1165     06E3  0875               	movf	clcd_print@str,w
  1166     06E4  0084               	movwf	4
  1167     06E5  120A  118A  2003  120A  118A  	fcall	stringdir
  1168     06EA  3A00               	xorlw	0
  1169     06EB  1D03               	skipz
  1170     06EC  2EEE               	goto	u131
  1171     06ED  2EEF               	goto	u130
  1172     06EE                     u131:
  1173     06EE  2ED1               	goto	l819
  1174     06EF                     u130:
  1175     06EF                     l66:
  1176     06EF  0008               	return
  1177     06F0                     __end_of_clcd_print:
  1178                           
  1179                           	psect	text6
  1180     067F                     __ptext6:	
  1181 ;; *************** function _init_config *****************
  1182 ;; Defined at:
  1183 ;;		line 17 in file "main.c"
  1184 ;; Parameters:    Size  Location     Type
  1185 ;;		None
  1186 ;; Auto vars:     Size  Location     Type
  1187 ;;		None
  1188 ;; Return value:  Size  Location     Type
  1189 ;;                  1    wreg      void 
  1190 ;; Registers used:
  1191 ;;		wreg, status,2, status,0, pclath, cstack
  1192 ;; Tracked objects:
  1193 ;;		On entry : 0/0
  1194 ;;		On exit  : 0/0
  1195 ;;		Unchanged: 0/0
  1196 ;; Data sizes:     COMMON   BANK0   BANK1   BANK3   BANK2
  1197 ;;      Params:         0       0       0       0       0
  1198 ;;      Locals:         0       0       0       0       0
  1199 ;;      Temps:          0       0       0       0       0
  1200 ;;      Totals:         0       0       0       0       0
  1201 ;;Total ram usage:        0 bytes
  1202 ;; Hardware stack levels used: 1
  1203 ;; Hardware stack levels required when called: 3
  1204 ;; This function calls:
  1205 ;;		_init_clcd
  1206 ;;		_init_digital_keypad
  1207 ;; This function is called by:
  1208 ;;		_main
  1209 ;; This function uses a non-reentrant model
  1210 ;;
  1211                           
  1212     067F                     _init_config:	
  1213                           ;psect for function _init_config
  1214                           
  1215     067F                     l829:	
  1216                           ;incstack = 0
  1217                           ; Regs used in _init_config: [wreg+status,2+status,0+pclath+cstack]
  1218                           
  1219                           
  1220                           ;main.c: 18: 
  1221     067F  120A  118A  266E  120A  118A  	fcall	_init_digital_keypad
  1222                           
  1223                           ;main.c: 19:     _delay((unsigned long)((1000)*(20000000/4000.0)));
  1224     0684  120A  118A  2674  120A  118A  	fcall	_init_clcd
  1225     0689                     l17:
  1226     0689  0008               	return
  1227     068A                     __end_of_init_config:
  1228                           
  1229                           	psect	text7
  1230     066E                     __ptext7:	
  1231 ;; *************** function _init_digital_keypad *****************
  1232 ;; Defined at:
  1233 ;;		line 4 in file "digital_keypad.c"
  1234 ;; Parameters:    Size  Location     Type
  1235 ;;		None
  1236 ;; Auto vars:     Size  Location     Type
  1237 ;;		None
  1238 ;; Return value:  Size  Location     Type
  1239 ;;                  1    wreg      void 
  1240 ;; Registers used:
  1241 ;;		wreg, status,2
  1242 ;; Tracked objects:
  1243 ;;		On entry : 0/0
  1244 ;;		On exit  : 0/0
  1245 ;;		Unchanged: 0/0
  1246 ;; Data sizes:     COMMON   BANK0   BANK1   BANK3   BANK2
  1247 ;;      Params:         0       0       0       0       0
  1248 ;;      Locals:         0       0       0       0       0
  1249 ;;      Temps:          0       0       0       0       0
  1250 ;;      Totals:         0       0       0       0       0
  1251 ;;Total ram usage:        0 bytes
  1252 ;; Hardware stack levels used: 1
  1253 ;; This function calls:
  1254 ;;		Nothing
  1255 ;; This function is called by:
  1256 ;;		_init_config
  1257 ;; This function uses a non-reentrant model
  1258 ;;
  1259                           
  1260     066E                     _init_digital_keypad:	
  1261                           ;psect for function _init_digital_keypad
  1262                           
  1263     066E                     l671:	
  1264                           ;incstack = 0
  1265                           ; Regs used in _init_digital_keypad: [wreg+status,2]
  1266                           
  1267                           
  1268                           ;digital_keypad.c: 7:     TRISB = TRISB | 0x3F;
  1269     066E  1683               	bsf	3,5	;RP0=1, select bank1
  1270     066F  1303               	bcf	3,6	;RP1=0, select bank1
  1271     0670  0806               	movf	6,w	;volatile
  1272     0671  383F               	iorlw	63
  1273     0672  0086               	movwf	6	;volatile
  1274     0673                     l89:
  1275     0673  0008               	return
  1276     0674                     __end_of_init_digital_keypad:
  1277                           
  1278                           	psect	text8
  1279     0674                     __ptext8:	
  1280 ;; *************** function _init_clcd *****************
  1281 ;; Defined at:
  1282 ;;		line 36 in file "clcd.c"
  1283 ;; Parameters:    Size  Location     Type
  1284 ;;		None
  1285 ;; Auto vars:     Size  Location     Type
  1286 ;;		None
  1287 ;; Return value:  Size  Location     Type
  1288 ;;                  1    wreg      void 
  1289 ;; Registers used:
  1290 ;;		wreg, status,2, status,0, pclath, cstack
  1291 ;; Tracked objects:
  1292 ;;		On entry : 0/0
  1293 ;;		On exit  : 0/0
  1294 ;;		Unchanged: 0/0
  1295 ;; Data sizes:     COMMON   BANK0   BANK1   BANK3   BANK2
  1296 ;;      Params:         0       0       0       0       0
  1297 ;;      Locals:         0       0       0       0       0
  1298 ;;      Temps:          0       0       0       0       0
  1299 ;;      Totals:         0       0       0       0       0
  1300 ;;Total ram usage:        0 bytes
  1301 ;; Hardware stack levels used: 1
  1302 ;; Hardware stack levels required when called: 2
  1303 ;; This function calls:
  1304 ;;		_init_display_controller
  1305 ;; This function is called by:
  1306 ;;		_init_config
  1307 ;; This function uses a non-reentrant model
  1308 ;;
  1309                           
  1310     0674                     _init_clcd:	
  1311                           ;psect for function _init_clcd
  1312                           
  1313     0674                     l807:	
  1314                           ;incstack = 0
  1315                           ; Regs used in _init_clcd: [wreg+status,2+status,0+pclath+cstack]
  1316                           
  1317                           
  1318                           ;clcd.c: 39:     TRISD = 0x00;
  1319     0674  1683               	bsf	3,5	;RP0=1, select bank1
  1320     0675  1303               	bcf	3,6	;RP1=0, select bank1
  1321     0676  0188               	clrf	8	;volatile
  1322     0677                     l809:
  1323                           
  1324                           ;clcd.c: 42:     TRISE2 = 0;
  1325     0677  1109               	bcf	9,2	;volatile
  1326     0678                     l811:
  1327                           
  1328                           ;clcd.c: 43:     TRISE1 = 0;
  1329     0678  1089               	bcf	9,1	;volatile
  1330     0679                     l813:
  1331                           
  1332                           ;clcd.c: 45:     init_display_controller();
  1333     0679  120A  118A  27A3  120A  118A  	fcall	_init_display_controller
  1334     067E                     l57:
  1335     067E  0008               	return
  1336     067F                     __end_of_init_clcd:
  1337                           
  1338                           	psect	text9
  1339     07A3                     __ptext9:	
  1340 ;; *************** function _init_display_controller *****************
  1341 ;; Defined at:
  1342 ;;		line 16 in file "clcd.c"
  1343 ;; Parameters:    Size  Location     Type
  1344 ;;		None
  1345 ;; Auto vars:     Size  Location     Type
  1346 ;;		None
  1347 ;; Return value:  Size  Location     Type
  1348 ;;                  1    wreg      void 
  1349 ;; Registers used:
  1350 ;;		wreg, status,2, status,0, pclath, cstack
  1351 ;; Tracked objects:
  1352 ;;		On entry : 0/0
  1353 ;;		On exit  : 0/0
  1354 ;;		Unchanged: 0/0
  1355 ;; Data sizes:     COMMON   BANK0   BANK1   BANK3   BANK2
  1356 ;;      Params:         0       0       0       0       0
  1357 ;;      Locals:         0       0       0       0       0
  1358 ;;      Temps:          2       0       0       0       0
  1359 ;;      Totals:         2       0       0       0       0
  1360 ;;Total ram usage:        2 bytes
  1361 ;; Hardware stack levels used: 1
  1362 ;; Hardware stack levels required when called: 1
  1363 ;; This function calls:
  1364 ;;		_clcd_write
  1365 ;; This function is called by:
  1366 ;;		_init_clcd
  1367 ;; This function uses a non-reentrant model
  1368 ;;
  1369                           
  1370     07A3                     _init_display_controller:	
  1371                           ;psect for function _init_display_controller
  1372                           
  1373     07A3                     l787:	
  1374                           ;incstack = 0
  1375                           ; Regs used in _init_display_controller: [wreg+status,2+status,0+pclath+cstack]
  1376                           
  1377                           
  1378                           ;clcd.c: 19:     _delay((unsigned long)((30)*(20000000/4000.0)));
  1379     07A3  30C3               	movlw	195
  1380     07A4  00F5               	movwf	??_init_display_controller+1
  1381     07A5  30CD               	movlw	205
  1382     07A6  00F4               	movwf	??_init_display_controller
  1383     07A7                     u197:
  1384     07A7  0BF4               	decfsz	??_init_display_controller,f
  1385     07A8  2FA7               	goto	u197
  1386     07A9  0BF5               	decfsz	??_init_display_controller+1,f
  1387     07AA  2FA7               	goto	u197
  1388     07AB                     l789:
  1389                           
  1390                           ;clcd.c: 22:     clcd_write(0x33, 0);
  1391     07AB  01F0               	clrf	clcd_write@mode
  1392     07AC  3033               	movlw	51
  1393     07AD  120A  118A  26A8  120A  118A  	fcall	_clcd_write
  1394     07B2                     l791:
  1395                           
  1396                           ;clcd.c: 23:     _delay((unsigned long)((4100)*(20000000/4000000.0)));
  1397     07B2  301B               	movlw	27
  1398     07B3  00F5               	movwf	??_init_display_controller+1
  1399     07B4  309E               	movlw	158
  1400     07B5  00F4               	movwf	??_init_display_controller
  1401     07B6                     u207:
  1402     07B6  0BF4               	decfsz	??_init_display_controller,f
  1403     07B7  2FB6               	goto	u207
  1404     07B8  0BF5               	decfsz	??_init_display_controller+1,f
  1405     07B9  2FB6               	goto	u207
  1406     07BA  0000               	nop
  1407                           
  1408                           ;clcd.c: 24:     clcd_write(0x33, 0);
  1409     07BB  01F0               	clrf	clcd_write@mode
  1410     07BC  3033               	movlw	51
  1411     07BD  120A  118A  26A8  120A  118A  	fcall	_clcd_write
  1412     07C2                     l793:
  1413                           
  1414                           ;clcd.c: 25:      _delay((unsigned long)((100)*(20000000/4000000.0)));
  1415     07C2  30A6               	movlw	166
  1416     07C3  00F4               	movwf	??_init_display_controller
  1417     07C4                     u217:
  1418     07C4  0BF4               	decfsz	??_init_display_controller,f
  1419     07C5  2FC4               	goto	u217
  1420     07C6  0000               	nop
  1421     07C7                     l795:
  1422                           
  1423                           ;clcd.c: 26:     clcd_write(0x33, 0);
  1424     07C7  01F0               	clrf	clcd_write@mode
  1425     07C8  3033               	movlw	51
  1426     07C9  120A  118A  26A8  120A  118A  	fcall	_clcd_write
  1427     07CE                     l797:
  1428                           
  1429                           ;clcd.c: 27:     _delay((unsigned long)((1)*(20000000/4000000.0)));
  1430     07CE  2FCF               	nop2	;2 cycle nop
  1431     07CF  2FD0               	nop2	;2 cycle nop
  1432     07D0  0000               	nop
  1433     07D1                     l799:
  1434                           
  1435                           ;clcd.c: 28:     clcd_write(0x30, 0);
  1436     07D1  01F0               	clrf	clcd_write@mode
  1437     07D2  3030               	movlw	48
  1438     07D3  120A  118A  26A8  120A  118A  	fcall	_clcd_write
  1439     07D8                     l801:
  1440                           
  1441                           ;clcd.c: 29:     _delay((unsigned long)((100)*(20000000/4000000.0)));
  1442     07D8  30A6               	movlw	166
  1443     07D9  00F4               	movwf	??_init_display_controller
  1444     07DA                     u227:
  1445     07DA  0BF4               	decfsz	??_init_display_controller,f
  1446     07DB  2FDA               	goto	u227
  1447     07DC  0000               	nop
  1448                           
  1449                           ;clcd.c: 30:     clcd_write(0x01, 0);
  1450     07DD  01F0               	clrf	clcd_write@mode
  1451     07DE  3001               	movlw	1
  1452     07DF  120A  118A  26A8  120A  118A  	fcall	_clcd_write
  1453     07E4                     l803:
  1454                           
  1455                           ;clcd.c: 31:     _delay((unsigned long)((100)*(20000000/4000000.0)));
  1456     07E4  30A6               	movlw	166
  1457     07E5  00F4               	movwf	??_init_display_controller
  1458     07E6                     u237:
  1459     07E6  0BF4               	decfsz	??_init_display_controller,f
  1460     07E7  2FE6               	goto	u237
  1461     07E8  0000               	nop
  1462     07E9                     l805:
  1463                           
  1464                           ;clcd.c: 32:     clcd_write(0x0C, 0);
  1465     07E9  01F0               	clrf	clcd_write@mode
  1466     07EA  300C               	movlw	12
  1467     07EB  120A  118A  26A8  120A  118A  	fcall	_clcd_write
  1468                           
  1469                           ;clcd.c: 33:     _delay((unsigned long)((100)*(20000000/4000000.0)));
  1470     07F0  30A6               	movlw	166
  1471     07F1  00F4               	movwf	??_init_display_controller
  1472     07F2                     u247:
  1473     07F2  0BF4               	decfsz	??_init_display_controller,f
  1474     07F3  2FF2               	goto	u247
  1475     07F4  0000               	nop
  1476     07F5                     l54:
  1477     07F5  0008               	return
  1478     07F6                     __end_of_init_display_controller:
  1479                           
  1480                           	psect	text10
  1481     06A8                     __ptext10:	
  1482 ;; *************** function _clcd_write *****************
  1483 ;; Defined at:
  1484 ;;		line 4 in file "clcd.c"
  1485 ;; Parameters:    Size  Location     Type
  1486 ;;  byte            1    wreg     unsigned char 
  1487 ;;  mode            1    0[COMMON] unsigned char 
  1488 ;; Auto vars:     Size  Location     Type
  1489 ;;  byte            1    3[COMMON] unsigned char 
  1490 ;; Return value:  Size  Location     Type
  1491 ;;                  1    wreg      void 
  1492 ;; Registers used:
  1493 ;;		wreg
  1494 ;; Tracked objects:
  1495 ;;		On entry : 0/0
  1496 ;;		On exit  : 0/0
  1497 ;;		Unchanged: 0/0
  1498 ;; Data sizes:     COMMON   BANK0   BANK1   BANK3   BANK2
  1499 ;;      Params:         1       0       0       0       0
  1500 ;;      Locals:         1       0       0       0       0
  1501 ;;      Temps:          2       0       0       0       0
  1502 ;;      Totals:         4       0       0       0       0
  1503 ;;Total ram usage:        4 bytes
  1504 ;; Hardware stack levels used: 1
  1505 ;; This function calls:
  1506 ;;		Nothing
  1507 ;; This function is called by:
  1508 ;;		_init_display_controller
  1509 ;;		_clcd_putch
  1510 ;;		_clcd_print
  1511 ;;		_clear_screen
  1512 ;; This function uses a non-reentrant model
  1513 ;;
  1514                           
  1515     06A8                     _clcd_write:	
  1516                           ;psect for function _clcd_write
  1517                           
  1518                           
  1519                           ;incstack = 0
  1520                           ; Regs used in _clcd_write: [wreg]
  1521                           ;clcd_write@byte stored from wreg
  1522     06A8  00F3               	movwf	clcd_write@byte
  1523     06A9                     l779:
  1524                           
  1525                           ;clcd.c: 4: static void clcd_write(unsigned char byte, unsigned char mode);clcd.c: 5: {;
      +                          clcd.c: 6:     RE2 = (__bit)mode;
  1526     06A9  1870               	btfsc	clcd_write@mode,0
  1527     06AA  2EAC               	goto	u111
  1528     06AB  2EB0               	goto	u110
  1529     06AC                     u111:
  1530     06AC  1283               	bcf	3,5	;RP0=0, select bank0
  1531     06AD  1303               	bcf	3,6	;RP1=0, select bank0
  1532     06AE  1509               	bsf	9,2	;volatile
  1533     06AF  2EB3               	goto	u124
  1534     06B0                     u110:
  1535     06B0  1283               	bcf	3,5	;RP0=0, select bank0
  1536     06B1  1303               	bcf	3,6	;RP1=0, select bank0
  1537     06B2  1109               	bcf	9,2	;volatile
  1538     06B3                     u124:
  1539     06B3                     l781:
  1540                           
  1541                           ;clcd.c: 7:     PORTD = byte;
  1542     06B3  0873               	movf	clcd_write@byte,w
  1543     06B4  0088               	movwf	8	;volatile
  1544     06B5                     l783:
  1545                           
  1546                           ;clcd.c: 9:     RE1 = 1;
  1547     06B5  1489               	bsf	9,1	;volatile
  1548                           
  1549                           ;clcd.c: 10:     _delay((unsigned long)((100)*(20000000/4000000.0)));
  1550     06B6  30A6               	movlw	166
  1551     06B7  00F1               	movwf	??_clcd_write
  1552     06B8                     u257:
  1553     06B8  0BF1               	decfsz	??_clcd_write,f
  1554     06B9  2EB8               	goto	u257
  1555     06BA  0000               	nop
  1556     06BB                     l785:
  1557                           
  1558                           ;clcd.c: 11:     RE1 = 0;
  1559     06BB  1283               	bcf	3,5	;RP0=0, select bank0
  1560     06BC  1303               	bcf	3,6	;RP1=0, select bank0
  1561     06BD  1089               	bcf	9,1	;volatile
  1562                           
  1563                           ;clcd.c: 13:     _delay((unsigned long)((4100)*(20000000/4000000.0)));
  1564     06BE  301B               	movlw	27
  1565     06BF  00F2               	movwf	??_clcd_write+1
  1566     06C0  309E               	movlw	158
  1567     06C1  00F1               	movwf	??_clcd_write
  1568     06C2                     u267:
  1569     06C2  0BF1               	decfsz	??_clcd_write,f
  1570     06C3  2EC2               	goto	u267
  1571     06C4  0BF2               	decfsz	??_clcd_write+1,f
  1572     06C5  2EC2               	goto	u267
  1573     06C6  0000               	nop
  1574     06C7                     l51:
  1575     06C7  0008               	return
  1576     06C8                     __end_of_clcd_write:
  1577     007E                     btemp	set	126	;btemp
  1578     007E                     wtemp0	set	126
  1579                           
  1580                           	psect	config
  1581                           
  1582                           ;Config register CONFIG @ 0x2007
  1583                           ;	Oscillator Selection bits
  1584                           ;	FOSC = 0x3, unprogrammed default
  1585                           ;	Watchdog Timer Enable bit
  1586                           ;	WDTE = OFF, WDT disabled
  1587                           ;	Power-up Timer Enable bit
  1588                           ;	PWRTE = 0x1, unprogrammed default
  1589                           ;	Brown-out Reset Enable bit
  1590                           ;	BOREN = 0x1, unprogrammed default
  1591                           ;	Low-Voltage (Single-Supply) In-Circuit Serial Programming Enable bit
  1592                           ;	LVP = 0x1, unprogrammed default
  1593                           ;	Data EEPROM Memory Code Protection bit
  1594                           ;	CPD = 0x1, unprogrammed default
  1595                           ;	Flash Program Memory Write Enable bits
  1596                           ;	WRT = 0x3, unprogrammed default
  1597                           ;	In-Circuit Debugger Mode bit
  1598                           ;	DEBUG = 0x1, unprogrammed default
  1599                           ;	Flash Program Memory Code Protection bit
  1600                           ;	CP = 0x1, unprogrammed default
  1601     2007                     	org	8199
  1602     2007  3FFB               	dw	16379

Data Sizes:
    Strings     67
    Constant    0
    Data        1
    BSS         0
    Persistent  0
    Stack       0

Auto Spaces:
    Space          Size  Autos    Used
    COMMON           14     11      12
    BANK0            80      0       0
    BANK1            80      0       0
    BANK3            96      0       0
    BANK2            96      0       0

Pointer List with Targets:

    clcd_print@str	PTR const unsigned char  size(1) Largest target is 16
		 -> STR_1(CODE[12]), STR_2(CODE[16]), STR_3(CODE[14]), STR_4(CODE[9]), 
		 -> STR_5(CODE[16]), STR_6(CODE[16]), 


Critical Paths under _main in COMMON

    _main->_power_on_screen
    _power_on_screen->_clcd_print
    _power_on_screen->_clcd_putch
    _clear_screen->_clcd_write
    _clcd_putch->_clcd_write
    _clcd_print->_clcd_write
    _init_clcd->_init_display_controller
    _init_display_controller->_clcd_write

Critical Paths under _main in BANK0

    None.

Critical Paths under _main in BANK1

    None.

Critical Paths under _main in BANK3

    None.

Critical Paths under _main in BANK2

    None.

Call Graph Tables:

 ---------------------------------------------------------------------------------
 (Depth) Function   	        Calls       Base Space   Used Autos Params    Refs
 ---------------------------------------------------------------------------------
 (0) _main                                                 0     0      0    7069
                         _clcd_print
                       _clear_screen
                        _init_config
                    _power_on_screen
                _read_digital_keypad
 ---------------------------------------------------------------------------------
 (1) _read_digital_keypad                                  2     2      0      15
                                              0 COMMON     2     2      0
 ---------------------------------------------------------------------------------
 (1) _power_on_screen                                      5     5      0    3693
                                              6 COMMON     5     5      0
                         _clcd_print
                         _clcd_putch
                       _clear_screen
 ---------------------------------------------------------------------------------
 (2) _clear_screen                                         1     1      0     880
                                              4 COMMON     1     1      0
                         _clcd_write
 ---------------------------------------------------------------------------------
 (2) _clcd_putch                                           2     1      1    1076
                                              4 COMMON     2     1      1
                         _clcd_write
 ---------------------------------------------------------------------------------
 (2) _clcd_print                                           2     1      1    1601
                                              4 COMMON     2     1      1
                         _clcd_write
 ---------------------------------------------------------------------------------
 (1) _init_config                                          0     0      0     880
                          _init_clcd
                _init_digital_keypad
 ---------------------------------------------------------------------------------
 (2) _init_digital_keypad                                  0     0      0       0
 ---------------------------------------------------------------------------------
 (2) _init_clcd                                            0     0      0     880
            _init_display_controller
 ---------------------------------------------------------------------------------
 (3) _init_display_controller                              2     2      0     880
                                              4 COMMON     2     2      0
                         _clcd_write
 ---------------------------------------------------------------------------------
 (3) _clcd_write                                           4     3      1     880
                                              0 COMMON     4     3      1
 ---------------------------------------------------------------------------------
 Estimated maximum stack depth 3
 ---------------------------------------------------------------------------------

 Call Graph Graphs:

 _main (ROOT)
   _clcd_print
     _clcd_write
   _clear_screen
     _clcd_write
   _init_config
     _init_clcd
       _init_display_controller
         _clcd_write
     _init_digital_keypad
   _power_on_screen
     _clcd_print
     _clcd_putch
       _clcd_write
     _clear_screen
   _read_digital_keypad

 Address spaces:
Name               Size   Autos  Total    Cost      Usage
BANK3               60      0       0       9        0.0%
BITBANK3            60      0       0       8        0.0%
SFR3                 0      0       0       4        0.0%
BITSFR3              0      0       0       4        0.0%
BANK2               60      0       0      11        0.0%
BITBANK2            60      0       0      10        0.0%
SFR2                 0      0       0       5        0.0%
BITSFR2              0      0       0       5        0.0%
BANK1               50      0       0       7        0.0%
BITBANK1            50      0       0       6        0.0%
SFR1                 0      0       0       2        0.0%
BITSFR1              0      0       0       2        0.0%
BANK0               50      0       0       5        0.0%
BITBANK0            50      0       0       4        0.0%
SFR0                 0      0       0       1        0.0%
BITSFR0              0      0       0       1        0.0%
COMMON               E      B       C       1       85.7%
BITCOMMON            E      0       0       0        0.0%
CODE                 0      0       0       0        0.0%
DATA                 0      0       C      12        0.0%
ABS                  0      0       C       3        0.0%
NULL                 0      0       0       0        0.0%
STACK                0      0       0       2        0.0%
EEDATA             100      0       0       0        0.0%


Microchip Technology PIC Macro Assembler V2.46 build 20240104201356 
Symbol Table                                                                                   Sat Mar 16 17:18:20 2024

                              pc 0002                   clcd_print@addr 0074                               l24 07A2  
                             l17 0689                               l51 06C7                               l60 06A7  
                             l54 07F5                               l57 067E                               l66 06EF  
                             l69 0696                               l95 0719                               l89 0673  
                             u60 06F6                               u61 06F5                               u70 0706  
                             u71 0705                               u80 070B                               u81 070A  
                             u90 0716                               u91 0715                               fsr 0004  
                            l801 07D8                              l803 07E4                              l811 0678  
                            l805 07E9                              l813 0679                              l821 06DF  
                            l807 0674                              l671 066E                              l823 06E3  
                            l815 0698                              l831 0758                              l751 0718  
                            l735 06FB                              l727 06F1                              l809 0677  
                            l817 06C9                              l825 068A                              l841 0766  
                            l737 0706                              l729 06F6                              l819 06D1  
                            l827 0691                              l851 077D                              l843 076C  
                            l739 070B                              l747 070D                              l781 06B3  
                            l829 067F                              l853 0786                              l845 077C  
                            l837 0759                              l749 0716                              l861 071A  
                            l783 06B5                              l791 07B2                              l855 078A  
                            l839 0762                              l871 0742                              l863 071F  
                            l785 06BB                              l793 07C2                              l857 0790  
                            l873 0747                              l865 0727                              l779 06A9  
                            l795 07C7                              l787 07A3                              l859 079D  
                            l875 074C                              l867 072F                              l797 07CE  
                            l789 07AB                              l869 0737                              l799 07D1  
                            _RE1 0049                              _RE2 004A                              u110 06B0  
                            u111 06AC                              u130 06EF                              u131 06EE  
                            u124 06B3                              u140 076C                              u141 076B  
                            u150 0790                              u207 07B6                              u151 078F  
                            u160 0742                              u217 07C4                              u161 0741  
                            u227 07DA                              u237 07E6                              _PR2 0092  
                            u247 07F2                              u257 06B8                              u177 0796  
                            u267 06C2                              u187 0693                              u197 07A7  
                 clcd_putch@addr 0074                              fsr0 0004                   clcd_putch@data 0075  
          ??_read_digital_keypad 0070                             STR_1 0037                             STR_2 0009  
                           STR_3 0029                             STR_4 0043                             STR_5 0009  
                           STR_6 0019                             _main 071A                             btemp 007E  
                           start 0000                   clcd_write@byte 0073                   clcd_write@mode 0070  
        __end_of_power_on_screen 07A3                            ?_main 0070                     ?_init_config 0070  
                          _PORTB 0006                            _PORTD 0008                            _TRISB 0086  
                          _TRISD 0088             __end_of_clear_screen 0697                            pclath 000A  
                          status 0003                            wtemp0 007E                  __initialization 07F6  
                   __end_of_main 0758                           ??_main 007B                           _TMR2IE 0461  
                         _TMR2ON 0092                           _TRISE1 0449                           _TRISE2 044A  
    __end_of_init_digital_keypad 0674          _init_display_controller 07A3                 ?_power_on_screen 0070  
                   __pdataCOMMON 007B          __end_of__initialization 07FC                   __pcstackCOMMON 0070  
      ??_init_display_controller 0074                       _clcd_print 06C8                       _clcd_putch 0697  
                     _clcd_write 06A8                       __pmaintext 071A                     _clear_screen 068A  
                        _T2CKPS0 0090                          _T2CKPS1 0091      __end_of_read_digital_keypad 071A  
                     __stringtab 0003                          __ptext1 06F0                          __ptext2 0758  
                        __ptext3 068A                          __ptext4 0697                          __ptext5 06C8  
                        __ptext6 067F                          __ptext7 066E                          __ptext8 0674  
                        __ptext9 07A3  __end_of_init_display_controller 07F6                __end_of_init_clcd 067F  
           end_of_initialization 07FC                      ?_clcd_print 0074                      ?_clcd_putch 0074  
                    ?_clcd_write 0070                    clcd_print@str 0075                    __pidataCOMMON 066D  
            start_initialization 07F6                    ??_init_config 0076                        ___latbits 0002  
                      __pstrings 0003                        _init_clcd 0674              __end_of_init_config 068A  
              ??_power_on_screen 0076         ?_init_display_controller 0070                     ??_clcd_print 0075  
                   ??_clcd_putch 0075                     ??_clcd_write 0071                      __stringbase 0008  
             __end_of_clcd_print 06F0               __end_of_clcd_putch 06A8               __end_of_clcd_write 06C8  
                     ?_init_clcd 0070              _init_digital_keypad 066E             ?_init_digital_keypad 0070  
             __end_of__stringtab 0009                      _init_config 067F              power_on_screen@i_62 007A  
                       __ptext10 06A8          read_digital_keypad@mode 0071          read_digital_keypad@once 007B  
                  ?_clear_screen 0070            ??_init_digital_keypad 0070                      ??_init_clcd 0076  
                      stringcode 0003                   ??_clear_screen 0074              _read_digital_keypad 06F0  
                _power_on_screen 0758                         stringdir 0003                         stringtab 0003  
           ?_read_digital_keypad 0070                 power_on_screen@i 0079  
